[0.431s] DEBUG:colcon:Command line arguments: ['/usr/bin/colcon', 'build']
[0.431s] DEBUG:colcon:Parsed command line arguments: Namespace(allow_overriding=[], ament_cmake_args=None, base_paths=['.'], build_base='build', catkin_cmake_args=None, catkin_skip_building_tests=False, cmake_args=None, cmake_clean_cache=False, cmake_clean_first=False, cmake_force_configure=False, cmake_target=None, cmake_target_skip_unavailable=False, continue_on_error=False, event_handlers=None, executor='parallel', ignore_user_meta=False, install_base='install', log_base=None, log_level=None, main=<bound method BuildVerb.main of <colcon_core.verb.build.BuildVerb object at 0x7f6afe24cdd8>>, merge_install=False, metas=['./colcon.meta'], packages_above=None, packages_above_and_dependencies=None, packages_above_depth=None, packages_end=None, packages_ignore=None, packages_ignore_regex=None, packages_select=None, packages_select_build_failed=False, packages_select_by_dep=None, packages_select_regex=None, packages_select_test_failures=False, packages_skip=None, packages_skip_build_finished=False, packages_skip_by_dep=None, packages_skip_regex=None, packages_skip_test_passed=False, packages_skip_up_to=None, packages_start=None, packages_up_to=None, packages_up_to_regex=None, parallel_workers=4, paths=None, symlink_install=False, test_result_base=None, verb_extension=<colcon_core.verb.build.BuildVerb object at 0x7f6afe24cdd8>, verb_name='build', verb_parser=<colcon_defaults.argument_parser.defaults.DefaultArgumentsDecorator object at 0x7f6afdd1d828>)
[0.470s] Level 1:colcon.colcon_core.package_discovery:discover_packages(colcon_meta) check parameters
[0.470s] Level 1:colcon.colcon_core.package_discovery:discover_packages(recursive) check parameters
[0.470s] Level 1:colcon.colcon_core.package_discovery:discover_packages(ignore) check parameters
[0.470s] Level 1:colcon.colcon_core.package_discovery:discover_packages(path) check parameters
[0.470s] Level 1:colcon.colcon_core.package_discovery:discover_packages(colcon_meta) discover
[0.471s] Level 1:colcon.colcon_core.package_discovery:discover_packages(recursive) discover
[0.471s] INFO:colcon.colcon_core.package_discovery:Crawling recursively for packages in '/home/nisarg/dev_ws/src/fusion_node'
[0.471s] Level 1:colcon.colcon_core.package_identification:_identify(.) by extensions ['ignore', 'ignore_ament_install']
[0.471s] Level 1:colcon.colcon_core.package_identification:_identify(.) by extension 'ignore'
[0.471s] Level 1:colcon.colcon_core.package_identification:_identify(.) by extension 'ignore_ament_install'
[0.471s] Level 1:colcon.colcon_core.package_identification:_identify(.) by extensions ['colcon_pkg']
[0.471s] Level 1:colcon.colcon_core.package_identification:_identify(.) by extension 'colcon_pkg'
[0.471s] Level 1:colcon.colcon_core.package_identification:_identify(.) by extensions ['colcon_meta']
[0.471s] Level 1:colcon.colcon_core.package_identification:_identify(.) by extension 'colcon_meta'
[0.472s] Level 1:colcon.colcon_core.package_identification:_identify(.) by extensions ['ros']
[0.472s] Level 1:colcon.colcon_core.package_identification:_identify(.) by extension 'ros'
[0.518s] DEBUG:colcon.colcon_core.package_identification:Package '.' with type 'ros.ament_cmake' and name 'fusion_node'
[0.518s] Level 1:colcon.colcon_core.package_discovery:discover_packages(recursive) using defaults
[0.519s] Level 1:colcon.colcon_core.package_discovery:discover_packages(ignore) discover
[0.519s] Level 1:colcon.colcon_core.package_discovery:discover_packages(ignore) using defaults
[0.519s] Level 1:colcon.colcon_core.package_discovery:discover_packages(path) discover
[0.519s] Level 1:colcon.colcon_core.package_discovery:discover_packages(path) using defaults
[0.543s] Level 1:colcon.colcon_core.package_discovery:discover_packages(prefix_path) check parameters
[0.543s] Level 1:colcon.colcon_core.package_discovery:discover_packages(prefix_path) discover
[0.547s] DEBUG:colcon.colcon_installed_package_information.package_discovery:Found 4 installed packages in /home/nisarg/dev_ws/install
[0.548s] DEBUG:colcon.colcon_installed_package_information.package_discovery:Found 225 installed packages in /opt/ros/dashing
[0.551s] Level 1:colcon.colcon_core.package_discovery:discover_packages(prefix_path) using defaults
[0.635s] Level 5:colcon.colcon_core.verb:set package 'fusion_node' build argument 'cmake_args' from command line to 'None'
[0.636s] Level 5:colcon.colcon_core.verb:set package 'fusion_node' build argument 'cmake_target' from command line to 'None'
[0.636s] Level 5:colcon.colcon_core.verb:set package 'fusion_node' build argument 'cmake_target_skip_unavailable' from command line to 'False'
[0.636s] Level 5:colcon.colcon_core.verb:set package 'fusion_node' build argument 'cmake_clean_cache' from command line to 'False'
[0.636s] Level 5:colcon.colcon_core.verb:set package 'fusion_node' build argument 'cmake_clean_first' from command line to 'False'
[0.636s] Level 5:colcon.colcon_core.verb:set package 'fusion_node' build argument 'cmake_force_configure' from command line to 'False'
[0.636s] Level 5:colcon.colcon_core.verb:set package 'fusion_node' build argument 'ament_cmake_args' from command line to 'None'
[0.636s] Level 5:colcon.colcon_core.verb:set package 'fusion_node' build argument 'catkin_cmake_args' from command line to 'None'
[0.636s] Level 5:colcon.colcon_core.verb:set package 'fusion_node' build argument 'catkin_skip_building_tests' from command line to 'False'
[0.636s] DEBUG:colcon.colcon_core.verb:Building package 'fusion_node' with the following arguments: {'ament_cmake_args': None, 'build_base': '/home/nisarg/dev_ws/src/fusion_node/build/fusion_node', 'catkin_cmake_args': None, 'catkin_skip_building_tests': False, 'cmake_args': None, 'cmake_clean_cache': False, 'cmake_clean_first': False, 'cmake_force_configure': False, 'cmake_target': None, 'cmake_target_skip_unavailable': False, 'install_base': '/home/nisarg/dev_ws/src/fusion_node/install/fusion_node', 'merge_install': False, 'path': '/home/nisarg/dev_ws/src/fusion_node', 'symlink_install': False, 'test_result_base': None}
[0.636s] INFO:colcon.colcon_core.executor:Executing jobs using 'parallel' executor
[0.638s] DEBUG:colcon.colcon_parallel_executor.executor.parallel:run_until_complete
[0.638s] INFO:colcon.colcon_ros.task.ament_cmake.build:Building ROS package in '/home/nisarg/dev_ws/src/fusion_node' with build type 'ament_cmake'
[0.638s] INFO:colcon.colcon_cmake.task.cmake.build:Building CMake package in '/home/nisarg/dev_ws/src/fusion_node'
[0.641s] INFO:colcon.colcon_core.plugin_system:Skipping extension 'colcon_core.shell.bat': Not used on non-Windows systems
[0.642s] INFO:colcon.colcon_core.shell:Skip shell extension 'powershell' for command environment: Not usable outside of PowerShell
[0.642s] DEBUG:colcon.colcon_core.shell:Skip shell extension 'dsv' for command environment
[0.645s] DEBUG:colcon.colcon_core.shell:Ignoring prefix path '/opt/ros/melodic'
[0.656s] DEBUG:colcon.colcon_core.event_handler.log_command:Invoking command in '/home/nisarg/dev_ws/src/fusion_node/build/fusion_node': CMAKE_PREFIX_PATH=/home/nisarg/dev_ws/install/turtlesim:/home/nisarg/dev_ws/install/my_package:/home/nisarg/dev_ws/install/fusion_node:/home/nisarg/dev_ws/install/cpp_pubsub:/opt/ros/dashing:/opt/ros/melodic /usr/bin/cmake /home/nisarg/dev_ws/src/fusion_node -DCMAKE_INSTALL_PREFIX=/home/nisarg/dev_ws/src/fusion_node/install/fusion_node
[5.124s] DEBUG:colcon.colcon_core.event_handler.log_command:Invoked command in '/home/nisarg/dev_ws/src/fusion_node/build/fusion_node' returned '0': CMAKE_PREFIX_PATH=/home/nisarg/dev_ws/install/turtlesim:/home/nisarg/dev_ws/install/my_package:/home/nisarg/dev_ws/install/fusion_node:/home/nisarg/dev_ws/install/cpp_pubsub:/opt/ros/dashing:/opt/ros/melodic /usr/bin/cmake /home/nisarg/dev_ws/src/fusion_node -DCMAKE_INSTALL_PREFIX=/home/nisarg/dev_ws/src/fusion_node/install/fusion_node
[5.128s] DEBUG:colcon.colcon_core.event_handler.log_command:Invoking command in '/home/nisarg/dev_ws/src/fusion_node/build/fusion_node': CMAKE_PREFIX_PATH=/home/nisarg/dev_ws/install/turtlesim:/home/nisarg/dev_ws/install/my_package:/home/nisarg/dev_ws/install/fusion_node:/home/nisarg/dev_ws/install/cpp_pubsub:/opt/ros/dashing:/opt/ros/melodic /usr/bin/cmake --build /home/nisarg/dev_ws/src/fusion_node/build/fusion_node -- -j4 -l4
[9.144s] DEBUG:colcon.colcon_core.event_handler.log_command:Invoked command in '/home/nisarg/dev_ws/src/fusion_node/build/fusion_node' returned '0': CMAKE_PREFIX_PATH=/home/nisarg/dev_ws/install/turtlesim:/home/nisarg/dev_ws/install/my_package:/home/nisarg/dev_ws/install/fusion_node:/home/nisarg/dev_ws/install/cpp_pubsub:/opt/ros/dashing:/opt/ros/melodic /usr/bin/cmake --build /home/nisarg/dev_ws/src/fusion_node/build/fusion_node -- -j4 -l4
[9.197s] DEBUG:colcon.colcon_core.event_handler.log_command:Invoking command in '/home/nisarg/dev_ws/src/fusion_node/build/fusion_node': CMAKE_PREFIX_PATH=/home/nisarg/dev_ws/install/turtlesim:/home/nisarg/dev_ws/install/my_package:/home/nisarg/dev_ws/install/fusion_node:/home/nisarg/dev_ws/install/cpp_pubsub:/opt/ros/dashing:/opt/ros/melodic /usr/bin/cmake --build /home/nisarg/dev_ws/src/fusion_node/build/fusion_node --target install -- -j4 -l4
[9.316s] Level 1:colcon.colcon_core.environment:create_environment_scripts_only(fusion_node)
[9.318s] DEBUG:colcon.colcon_core.event_handler.log_command:Invoked command in '/home/nisarg/dev_ws/src/fusion_node/build/fusion_node' returned '0': CMAKE_PREFIX_PATH=/home/nisarg/dev_ws/install/turtlesim:/home/nisarg/dev_ws/install/my_package:/home/nisarg/dev_ws/install/fusion_node:/home/nisarg/dev_ws/install/cpp_pubsub:/opt/ros/dashing:/opt/ros/melodic /usr/bin/cmake --build /home/nisarg/dev_ws/src/fusion_node/build/fusion_node --target install -- -j4 -l4
[9.321s] Level 1:colcon.colcon_core.environment:checking '/home/nisarg/dev_ws/src/fusion_node/install/fusion_node' for CMake module files
[9.322s] Level 1:colcon.colcon_core.environment:checking '/home/nisarg/dev_ws/src/fusion_node/install/fusion_node' for CMake config files
[9.323s] Level 1:colcon.colcon_core.shell:create_environment_hook('fusion_node', 'cmake_prefix_path')
[9.323s] INFO:colcon.colcon_core.shell:Creating environment hook '/home/nisarg/dev_ws/src/fusion_node/install/fusion_node/share/fusion_node/hook/cmake_prefix_path.ps1'
[9.324s] INFO:colcon.colcon_core.shell:Creating environment descriptor '/home/nisarg/dev_ws/src/fusion_node/install/fusion_node/share/fusion_node/hook/cmake_prefix_path.dsv'
[9.325s] INFO:colcon.colcon_core.shell:Creating environment hook '/home/nisarg/dev_ws/src/fusion_node/install/fusion_node/share/fusion_node/hook/cmake_prefix_path.sh'
[9.327s] Level 1:colcon.colcon_core.environment:checking '/home/nisarg/dev_ws/src/fusion_node/install/fusion_node/lib'
[9.327s] Level 1:colcon.colcon_core.environment:checking '/home/nisarg/dev_ws/src/fusion_node/install/fusion_node/bin'
[9.328s] Level 1:colcon.colcon_core.environment:checking '/home/nisarg/dev_ws/src/fusion_node/install/fusion_node/lib/pkgconfig/fusion_node.pc'
[9.328s] Level 1:colcon.colcon_core.environment:checking '/home/nisarg/dev_ws/src/fusion_node/install/fusion_node/lib/python3.6/site-packages'
[9.328s] Level 1:colcon.colcon_core.environment:checking '/home/nisarg/dev_ws/src/fusion_node/install/fusion_node/bin'
[9.329s] INFO:colcon.colcon_core.shell:Creating package script '/home/nisarg/dev_ws/src/fusion_node/install/fusion_node/share/fusion_node/package.ps1'
[9.331s] INFO:colcon.colcon_core.shell:Creating package descriptor '/home/nisarg/dev_ws/src/fusion_node/install/fusion_node/share/fusion_node/package.dsv'
[9.332s] INFO:colcon.colcon_core.shell:Creating package script '/home/nisarg/dev_ws/src/fusion_node/install/fusion_node/share/fusion_node/package.sh'
[9.333s] INFO:colcon.colcon_core.shell:Creating package script '/home/nisarg/dev_ws/src/fusion_node/install/fusion_node/share/fusion_node/package.bash'
[9.334s] INFO:colcon.colcon_core.shell:Creating package script '/home/nisarg/dev_ws/src/fusion_node/install/fusion_node/share/fusion_node/package.zsh'
[9.335s] Level 1:colcon.colcon_core.environment:create_file_with_runtime_dependencies(/home/nisarg/dev_ws/src/fusion_node/install/fusion_node/share/colcon-core/packages/fusion_node)
[9.366s] Level 1:colcon.colcon_core.environment:create_environment_scripts_only(fusion_node)
[9.367s] Level 1:colcon.colcon_core.environment:checking '/home/nisarg/dev_ws/src/fusion_node/install/fusion_node' for CMake module files
[9.367s] Level 1:colcon.colcon_core.environment:checking '/home/nisarg/dev_ws/src/fusion_node/install/fusion_node' for CMake config files
[9.368s] Level 1:colcon.colcon_core.shell:create_environment_hook('fusion_node', 'cmake_prefix_path')
[9.368s] INFO:colcon.colcon_core.shell:Creating environment hook '/home/nisarg/dev_ws/src/fusion_node/install/fusion_node/share/fusion_node/hook/cmake_prefix_path.ps1'
[9.370s] INFO:colcon.colcon_core.shell:Creating environment descriptor '/home/nisarg/dev_ws/src/fusion_node/install/fusion_node/share/fusion_node/hook/cmake_prefix_path.dsv'
[9.370s] INFO:colcon.colcon_core.shell:Creating environment hook '/home/nisarg/dev_ws/src/fusion_node/install/fusion_node/share/fusion_node/hook/cmake_prefix_path.sh'
[9.372s] Level 1:colcon.colcon_core.environment:checking '/home/nisarg/dev_ws/src/fusion_node/install/fusion_node/lib'
[9.372s] Level 1:colcon.colcon_core.environment:checking '/home/nisarg/dev_ws/src/fusion_node/install/fusion_node/bin'
[9.372s] Level 1:colcon.colcon_core.environment:checking '/home/nisarg/dev_ws/src/fusion_node/install/fusion_node/lib/pkgconfig/fusion_node.pc'
[9.373s] Level 1:colcon.colcon_core.environment:checking '/home/nisarg/dev_ws/src/fusion_node/install/fusion_node/lib/python3.6/site-packages'
[9.373s] Level 1:colcon.colcon_core.environment:checking '/home/nisarg/dev_ws/src/fusion_node/install/fusion_node/bin'
[9.374s] INFO:colcon.colcon_core.shell:Creating package script '/home/nisarg/dev_ws/src/fusion_node/install/fusion_node/share/fusion_node/package.ps1'
[9.375s] INFO:colcon.colcon_core.shell:Creating package descriptor '/home/nisarg/dev_ws/src/fusion_node/install/fusion_node/share/fusion_node/package.dsv'
[9.375s] INFO:colcon.colcon_core.shell:Creating package script '/home/nisarg/dev_ws/src/fusion_node/install/fusion_node/share/fusion_node/package.sh'
[9.376s] INFO:colcon.colcon_core.shell:Creating package script '/home/nisarg/dev_ws/src/fusion_node/install/fusion_node/share/fusion_node/package.bash'
[9.377s] INFO:colcon.colcon_core.shell:Creating package script '/home/nisarg/dev_ws/src/fusion_node/install/fusion_node/share/fusion_node/package.zsh'
[9.378s] Level 1:colcon.colcon_core.environment:create_file_with_runtime_dependencies(/home/nisarg/dev_ws/src/fusion_node/install/fusion_node/share/colcon-core/packages/fusion_node)
[9.378s] DEBUG:colcon.colcon_parallel_executor.executor.parallel:closing loop
[9.379s] DEBUG:colcon.colcon_parallel_executor.executor.parallel:loop closed
[9.380s] DEBUG:colcon.colcon_parallel_executor.executor.parallel:run_until_complete finished with '0'
[9.380s] DEBUG:colcon.colcon_core.event_reactor:joining thread
[9.389s] INFO:colcon.colcon_core.plugin_system:Skipping extension 'colcon_notification.desktop_notification.terminal_notifier': Not used on non-Darwin systems
[9.389s] INFO:colcon.colcon_core.plugin_system:Skipping extension 'colcon_notification.desktop_notification.win32': Not used on non-Windows systems
[9.389s] INFO:colcon.colcon_notification.desktop_notification:Sending desktop notification using 'notify2'
[9.395s] DEBUG:colcon.colcon_core.event_reactor:joined thread
[9.396s] INFO:colcon.colcon_core.shell:Creating prefix script '/home/nisarg/dev_ws/src/fusion_node/install/local_setup.ps1'
[9.398s] INFO:colcon.colcon_core.shell:Creating prefix util module '/home/nisarg/dev_ws/src/fusion_node/install/_local_setup_util_ps1.py'
[9.403s] INFO:colcon.colcon_core.shell:Creating prefix chain script '/home/nisarg/dev_ws/src/fusion_node/install/setup.ps1'
[9.408s] INFO:colcon.colcon_core.shell:Creating prefix script '/home/nisarg/dev_ws/src/fusion_node/install/local_setup.sh'
[9.409s] INFO:colcon.colcon_core.shell:Creating prefix util module '/home/nisarg/dev_ws/src/fusion_node/install/_local_setup_util_sh.py'
[9.410s] INFO:colcon.colcon_core.shell:Creating prefix chain script '/home/nisarg/dev_ws/src/fusion_node/install/setup.sh'
[9.412s] INFO:colcon.colcon_core.shell:Creating prefix script '/home/nisarg/dev_ws/src/fusion_node/install/local_setup.bash'
[9.413s] INFO:colcon.colcon_core.shell:Creating prefix chain script '/home/nisarg/dev_ws/src/fusion_node/install/setup.bash'
[9.415s] INFO:colcon.colcon_core.shell:Creating prefix script '/home/nisarg/dev_ws/src/fusion_node/install/local_setup.zsh'
[9.416s] INFO:colcon.colcon_core.shell:Creating prefix chain script '/home/nisarg/dev_ws/src/fusion_node/install/setup.zsh'
