Determining if the pthread_create exist failed with the following output:
Change Dir: /home/nisarg/dev_ws/src/fusion_node/build/fusion_node/CMakeFiles/CMakeTmp

Run Build Command:"/usr/bin/make" "cmTC_b79aa/fast"
/usr/bin/make -f CMakeFiles/cmTC_b79aa.dir/build.make CMakeFiles/cmTC_b79aa.dir/build
make[1]: Entering directory '/home/nisarg/dev_ws/src/fusion_node/build/fusion_node/CMakeFiles/CMakeTmp'
Building C object CMakeFiles/cmTC_b79aa.dir/CheckSymbolExists.c.o
/usr/bin/cc    -o CMakeFiles/cmTC_b79aa.dir/CheckSymbolExists.c.o   -c /home/nisarg/dev_ws/src/fusion_node/build/fusion_node/CMakeFiles/CMakeTmp/CheckSymbolExists.c
Linking C executable cmTC_b79aa
/usr/bin/cmake -E cmake_link_script CMakeFiles/cmTC_b79aa.dir/link.txt --verbose=1
/usr/bin/cc      CMakeFiles/cmTC_b79aa.dir/CheckSymbolExists.c.o  -o cmTC_b79aa 
CMakeFiles/cmTC_b79aa.dir/CheckSymbolExists.c.o: In function `main':
CheckSymbolExists.c:(.text+0x1b): undefined reference to `pthread_create'
collect2: error: ld returned 1 exit status
CMakeFiles/cmTC_b79aa.dir/build.make:97: recipe for target 'cmTC_b79aa' failed
make[1]: *** [cmTC_b79aa] Error 1
make[1]: Leaving directory '/home/nisarg/dev_ws/src/fusion_node/build/fusion_node/CMakeFiles/CMakeTmp'
Makefile:126: recipe for target 'cmTC_b79aa/fast' failed
make: *** [cmTC_b79aa/fast] Error 2

File /home/nisarg/dev_ws/src/fusion_node/build/fusion_node/CMakeFiles/CMakeTmp/CheckSymbolExists.c:
/* */
#include <pthread.h>

int main(int argc, char** argv)
{
  (void)argv;
#ifndef pthread_create
  return ((int*)(&pthread_create))[argc];
#else
  (void)argc;
  return 0;
#endif
}

Determining if the function pthread_create exists in the pthreads failed with the following output:
Change Dir: /home/nisarg/dev_ws/src/fusion_node/build/fusion_node/CMakeFiles/CMakeTmp

Run Build Command:"/usr/bin/make" "cmTC_c6ecd/fast"
/usr/bin/make -f CMakeFiles/cmTC_c6ecd.dir/build.make CMakeFiles/cmTC_c6ecd.dir/build
make[1]: Entering directory '/home/nisarg/dev_ws/src/fusion_node/build/fusion_node/CMakeFiles/CMakeTmp'
Building C object CMakeFiles/cmTC_c6ecd.dir/CheckFunctionExists.c.o
/usr/bin/cc   -DCHECK_FUNCTION_EXISTS=pthread_create   -o CMakeFiles/cmTC_c6ecd.dir/CheckFunctionExists.c.o   -c /usr/share/cmake-3.10/Modules/CheckFunctionExists.c
Linking C executable cmTC_c6ecd
/usr/bin/cmake -E cmake_link_script CMakeFiles/cmTC_c6ecd.dir/link.txt --verbose=1
/usr/bin/cc  -DCHECK_FUNCTION_EXISTS=pthread_create    CMakeFiles/cmTC_c6ecd.dir/CheckFunctionExists.c.o  -o cmTC_c6ecd -lpthreads 
/usr/bin/ld: cannot find -lpthreads
collect2: error: ld returned 1 exit status
CMakeFiles/cmTC_c6ecd.dir/build.make:97: recipe for target 'cmTC_c6ecd' failed
make[1]: *** [cmTC_c6ecd] Error 1
make[1]: Leaving directory '/home/nisarg/dev_ws/src/fusion_node/build/fusion_node/CMakeFiles/CMakeTmp'
Makefile:126: recipe for target 'cmTC_c6ecd/fast' failed
make: *** [cmTC_c6ecd/fast] Error 2


