-- The C compiler identification is GNU 7.5.0
-- The CXX compiler identification is GNU 7.5.0
-- Check for working C compiler: /usr/bin/cc
-- Check for working C compiler: /usr/bin/cc -- works
-- Detecting C compiler ABI info
-- Detecting C compiler ABI info - done
-- Detecting C compile features
-- Detecting C compile features - done
-- Check for working CXX compiler: /usr/bin/c++
-- Check for working CXX compiler: /usr/bin/c++ -- works
-- Detecting CXX compiler ABI info
-- Detecting CXX compiler ABI info - done
-- Detecting CXX compile features
-- Detecting CXX compile features - done
-- Found ament_cmake: 0.7.6 (/opt/ros/dashing/share/ament_cmake/cmake)
-- Found PythonInterp: /usr/bin/python3 (found suitable version "3.6.9", minimum required is "3") 
-- Using PYTHON_EXECUTABLE: /usr/bin/python3
-- Found rclcpp: 0.7.16 (/opt/ros/dashing/share/rclcpp/cmake)
-- Found rosidl_adapter: 0.7.10 (/opt/ros/dashing/share/rosidl_adapter/cmake)
-- Found rmw_implementation_cmake: 0.7.2 (/opt/ros/dashing/share/rmw_implementation_cmake/cmake)
-- Using RMW implementation 'rmw_fastrtps_cpp' as default
-- Looking for pthread.h
-- Looking for pthread.h - found
-- Looking for pthread_create
-- Looking for pthread_create - not found
-- Looking for pthread_create in pthreads
-- Looking for pthread_create in pthreads - not found
-- Looking for pthread_create in pthread
-- Looking for pthread_create in pthread - found
-- Found Threads: TRUE  
-- Found geometry_msgs: 0.7.1 (/opt/ros/dashing/share/geometry_msgs/cmake)
-- Found nav_msgs: 0.7.1 (/opt/ros/dashing/share/nav_msgs/cmake)
-- Found ament_lint_auto: 0.7.12 (/opt/ros/dashing/share/ament_lint_auto/cmake)
-- Added test 'copyright' to check for copyright in CMake / C / C++ / Python code
-- Added test 'cppcheck' to perform static code analysis on C / C++ code
-- Configured cppcheck include dirs: 
-- Added test 'cpplint' to check C / C++ code against the Google style
-- Added test 'lint_cmake' to check CMake code style
-- Added test 'uncrustify' to check C / C++ code style
-- Added test 'xmllint' to check XML markup files
-- Configuring done
-- Generating done
-- Build files have been written to: /home/nisarg/dev_ws/src/fusion_node/build/fusion_node
[35m[1mScanning dependencies of target fusion_node[0m
[ 50%] [32mBuilding CXX object CMakeFiles/fusion_node.dir/src/fusion_node.cpp.o[0m
[01m[K/home/nisarg/dev_ws/src/fusion_node/src/fusion_node.cpp:[m[K In member function ‘[01m[Kvoid FusionNode::fuseAndPublish()[m[K’:
[01m[K/home/nisarg/dev_ws/src/fusion_node/src/fusion_node.cpp:117:62:[m[K [01;35m[Kwarning: [m[K‘[01m[Kvoid rclcpp::Publisher<MessageT, Alloc>::publish(const std::shared_ptr<const _Tp>&) [with MessageT = geometry_msgs::msg::TwistStamped_<std::allocator<void> >; Alloc = std::allocator<void>][m[K’ is deprecated: publishing an unique_ptr is prefered when using intra process communication. If using a shared_ptr, use publish(*msg). [[01;35m[K-Wdeprecated-declarations[m[K]
         fused_velocity_publisher_->publish(fused_velocity_msg[01;35m[K)[m[K;
                                                              [01;35m[K^[m[K
In file included from [01m[K/opt/ros/dashing/include/rclcpp/callback_group.hpp:24:0[m[K,
                 from [01m[K/opt/ros/dashing/include/rclcpp/any_executable.hpp:20[m[K,
                 from [01m[K/opt/ros/dashing/include/rclcpp/memory_strategy.hpp:24[m[K,
                 from [01m[K/opt/ros/dashing/include/rclcpp/memory_strategies.hpp:18[m[K,
                 from [01m[K/opt/ros/dashing/include/rclcpp/executor.hpp:33[m[K,
                 from [01m[K/opt/ros/dashing/include/rclcpp/executors/multi_threaded_executor.hpp:24[m[K,
                 from [01m[K/opt/ros/dashing/include/rclcpp/executors.hpp:21[m[K,
                 from [01m[K/opt/ros/dashing/include/rclcpp/rclcpp.hpp:144[m[K,
                 from [01m[K/home/nisarg/dev_ws/src/fusion_node/src/fusion_node.cpp:1[m[K:
[01m[K/opt/ros/dashing/include/rclcpp/publisher.hpp:137:3:[m[K [01;36m[Knote: [m[Kdeclared here
   [01;36m[Kpublish[m[K(const std::shared_ptr<const MessageT> & msg)
   [01;36m[K^~~~~~~[m[K
[01m[K/home/nisarg/dev_ws/src/fusion_node/src/fusion_node.cpp:159:50:[m[K [01;35m[Kwarning: [m[K‘[01m[Kvoid rclcpp::Publisher<MessageT, Alloc>::publish(const std::shared_ptr<const _Tp>&) [with MessageT = nav_msgs::msg::Odometry_<std::allocator<void> >; Alloc = std::allocator<void>][m[K’ is deprecated: publishing an unique_ptr is prefered when using intra process communication. If using a shared_ptr, use publish(*msg). [[01;35m[K-Wdeprecated-declarations[m[K]
         odometry_publisher_->publish(odometry_msg[01;35m[K)[m[K;
                                                  [01;35m[K^[m[K
In file included from [01m[K/opt/ros/dashing/include/rclcpp/callback_group.hpp:24:0[m[K,
                 from [01m[K/opt/ros/dashing/include/rclcpp/any_executable.hpp:20[m[K,
                 from [01m[K/opt/ros/dashing/include/rclcpp/memory_strategy.hpp:24[m[K,
                 from [01m[K/opt/ros/dashing/include/rclcpp/memory_strategies.hpp:18[m[K,
                 from [01m[K/opt/ros/dashing/include/rclcpp/executor.hpp:33[m[K,
                 from [01m[K/opt/ros/dashing/include/rclcpp/executors/multi_threaded_executor.hpp:24[m[K,
                 from [01m[K/opt/ros/dashing/include/rclcpp/executors.hpp:21[m[K,
                 from [01m[K/opt/ros/dashing/include/rclcpp/rclcpp.hpp:144[m[K,
                 from [01m[K/home/nisarg/dev_ws/src/fusion_node/src/fusion_node.cpp:1[m[K:
[01m[K/opt/ros/dashing/include/rclcpp/publisher.hpp:137:3:[m[K [01;36m[Knote: [m[Kdeclared here
   [01;36m[Kpublish[m[K(const std::shared_ptr<const MessageT> & msg)
   [01;36m[K^~~~~~~[m[K
[100%] [32m[1mLinking CXX executable fusion_node[0m
[100%] Built target fusion_node
[100%] Built target fusion_node
[36mInstall the project...[0m
-- Install configuration: ""
-- Installing: /home/nisarg/dev_ws/src/fusion_node/install/fusion_node/lib/fusion_node/fusion_node
-- Set runtime path of "/home/nisarg/dev_ws/src/fusion_node/install/fusion_node/lib/fusion_node/fusion_node" to ""
-- Installing: /home/nisarg/dev_ws/src/fusion_node/install/fusion_node/share/ament_index/resource_index/package_run_dependencies/fusion_node
-- Installing: /home/nisarg/dev_ws/src/fusion_node/install/fusion_node/share/ament_index/resource_index/parent_prefix_path/fusion_node
-- Installing: /home/nisarg/dev_ws/src/fusion_node/install/fusion_node/share/fusion_node/environment/ament_prefix_path.sh
-- Installing: /home/nisarg/dev_ws/src/fusion_node/install/fusion_node/share/fusion_node/environment/path.sh
-- Installing: /home/nisarg/dev_ws/src/fusion_node/install/fusion_node/share/fusion_node/local_setup.bash
-- Installing: /home/nisarg/dev_ws/src/fusion_node/install/fusion_node/share/fusion_node/local_setup.sh
-- Installing: /home/nisarg/dev_ws/src/fusion_node/install/fusion_node/share/fusion_node/local_setup.zsh
-- Installing: /home/nisarg/dev_ws/src/fusion_node/install/fusion_node/share/ament_index/resource_index/packages/fusion_node
-- Installing: /home/nisarg/dev_ws/src/fusion_node/install/fusion_node/share/fusion_node/cmake/fusion_nodeConfig.cmake
-- Installing: /home/nisarg/dev_ws/src/fusion_node/install/fusion_node/share/fusion_node/cmake/fusion_nodeConfig-version.cmake
-- Installing: /home/nisarg/dev_ws/src/fusion_node/install/fusion_node/share/fusion_node/package.xml
